<?xml version="1.0" encoding="UTF-8"?>
<!-- Generated by org.testng.reporters.JUnitXMLReporter -->
<testsuite ignored="1" hostname="DESKTOP-IRS3JOK" failures="0" tests="1" name="Default test" time="12.573" errors="0" timestamp="2023-10-18T16:08:17 IST">
  <testcase classname="com.testcases.LoginTest" name="Verifylogin" time="3.071"/>
  <testcase classname="com.testcases.LoginTest" name="VerfiyInvalidData" time="0.0">
    <ignored/>
  </testcase> <!-- VerfiyInvalidData -->
</testsuite> <!-- Default test -->
