<?xml version="1.0" encoding="UTF-8"?>
<!-- Generated by org.testng.reporters.JUnitXMLReporter -->
<testsuite ignored="0" hostname="DESKTOP-BJLMQ64" failures="1" tests="2" name="Default test(failed)(failed)" time="0.236" errors="0" timestamp="2023-11-17T15:36:14 IST">
  <testcase classname="com.testcases.LoginTest" name="@BeforeMethod setup" time="0.058">
    <failure type="java.lang.IllegalStateException" message="The path to the driver executable must be set by the webdriver.edge.driver system property; for more information, see https://github.com/SeleniumHQ/selenium/wiki/MicrosoftWebDriver. The latest version can be downloaded from http://go.microsoft.com/fwlink/?LinkId=619687">
      <![CDATA[java.lang.IllegalStateException: The path to the driver executable must be set by the webdriver.edge.driver system property; for more information, see https://github.com/SeleniumHQ/selenium/wiki/MicrosoftWebDriver. The latest version can be downloaded from http://go.microsoft.com/fwlink/?LinkId=619687
at com.google.common.base.Preconditions.checkState(Preconditions.java:847)
at org.openqa.selenium.remote.service.DriverService.findExecutable(DriverService.java:125)
at org.openqa.selenium.edge.EdgeDriverService.access$000(EdgeDriverService.java:37)
at org.openqa.selenium.edge.EdgeDriverService$Builder.findDefaultExecutable(EdgeDriverService.java:90)
at org.openqa.selenium.remote.service.DriverService$Builder.build(DriverService.java:346)
at org.openqa.selenium.edge.EdgeDriverService.createDefaultService(EdgeDriverService.java:70)
at org.openqa.selenium.edge.EdgeDriver.<init>(EdgeDriver.java:96)
at com.base.Testbase.Initialization(Testbase.java:53)
at com.testcases.LoginTest.setup(LoginTest.java:27)
at java.base/java.util.ArrayList.forEach(ArrayList.java:1511)
... Removed 29 stack frames]]>
    </failure>
  </testcase> <!-- @BeforeMethod setup -->
  <testcase classname="com.testcases.LoginTest" name="@AfterMethod teardown" time="0.0">
    <skipped/>
  </testcase> <!-- @AfterMethod teardown -->
  <testcase classname="com.testcases.LoginTest" name="Verifylogin" time="0.0">
    <skipped/>
  </testcase> <!-- Verifylogin -->
  <testcase classname="com.testcases.LoginTest" name="VerfiyInvalidData" time="0.0">
    <failure type="java.lang.RuntimeException" message="java.lang.NoClassDefFoundError: Could not initialize class org.apache.logging.log4j.util.PropertiesUtil">
      <![CDATA[java.lang.RuntimeException: java.lang.NoClassDefFoundError: Could not initialize class org.apache.logging.log4j.util.PropertiesUtil
at java.base/java.util.ArrayList.forEach(ArrayList.java:1511)
Caused by: java.lang.NoClassDefFoundError: Could not initialize class org.apache.logging.log4j.util.PropertiesUtil
at org.apache.logging.log4j.status.StatusLogger.<clinit>(StatusLogger.java:77)
at org.apache.logging.log4j.LogManager.<clinit>(LogManager.java:61)
at org.apache.poi.ooxml.POIXMLDocumentPart.<clinit>(POIXMLDocumentPart.java:56)
at com.Utils.Utils.readDataFromExcel(Utils.java:87)
at com.testcases.LoginTest.getdata(LoginTest.java:53)
... 25 more
Caused by: java.lang.ExceptionInInitializerError: Exception java.lang.IllegalArgumentException: key can't be empty [in thread "main"]
at java.base/java.lang.System.checkKey(System.java:1098)
at java.base/java.lang.System.getProperty(System.java:961)
at org.apache.logging.log4j.util.SystemPropertiesPropertySource.getProperty(SystemPropertiesPropertySource.java:96)
at org.apache.logging.log4j.util.SystemPropertiesPropertySource.containsProperty(SystemPropertiesPropertySource.java:104)
at org.apache.logging.log4j.util.PropertiesUtil$Environment.lambda$null$2(PropertiesUtil.java:498)
at java.base/java.lang.Iterable.forEach(Iterable.java:75)
at org.apache.logging.log4j.util.PropertiesUtil$Environment.lambda$reload$3(PropertiesUtil.java:497)
at java.base/java.util.stream.ForEachOps$ForEachOp$OfRef.accept(ForEachOps.java:183)
at java.base/java.util.stream.ReferencePipeline$2$1.accept(ReferencePipeline.java:179)
at java.base/java.util.HashMap$KeySpliterator.forEachRemaining(HashMap.java:1715)
at java.base/java.util.stream.AbstractPipeline.copyInto(AbstractPipeline.java:509)
at java.base/java.util.stream.AbstractPipeline.wrapAndCopyInto(AbstractPipeline.java:499)
at java.base/java.util.stream.ForEachOps$ForEachOp.evaluateSequential(ForEachOps.java:150)
at java.base/java.util.stream.ForEachOps$ForEachOp$OfRef.evaluateSequential(ForEachOps.java:173)
at java.base/java.util.stream.AbstractPipeline.evaluate(AbstractPipeline.java:234)
at java.base/java.util.stream.ReferencePipeline.forEach(ReferencePipeline.java:596)
at org.apache.logging.log4j.util.PropertiesUtil$Environment.reload(PropertiesUtil.java:494)
at org.apache.logging.log4j.util.PropertiesUtil$Environment.<init>(PropertiesUtil.java:469)
at org.apache.logging.log4j.util.PropertiesUtil$Environment.<init>(PropertiesUtil.java:444)
at org.apache.logging.log4j.util.PropertiesUtil.<init>(PropertiesUtil.java:88)
at org.apache.logging.log4j.util.PropertiesUtil.<init>(PropertiesUtil.java:80)
at org.apache.logging.log4j.util.PropertiesUtil.<clinit>(PropertiesUtil.java:56)
at org.apache.logging.log4j.util.Constants.<clinit>(Constants.java:30)
at org.apache.logging.log4j.spi.AbstractLogger.createClassForProperty(AbstractLogger.java:203)
at org.apache.logging.log4j.spi.AbstractLogger.<clinit>(AbstractLogger.java:92)
... 34 more
... Removed 30 stack frames]]>
    </failure>
  </testcase> <!-- VerfiyInvalidData -->
</testsuite> <!-- Default test(failed)(failed) -->
