<?xml version="1.0" encoding="UTF-8"?>
<testng-results ignored="0" total="1" passed="1" failed="0" skipped="0">
  <reporter-output>
  </reporter-output>
  <suite started-at="2023-10-25T16:12:50 IST" name="Default suite" finished-at="2023-10-25T16:13:31 IST" duration-ms="41317">
    <groups>
    </groups>
    <test started-at="2023-10-25T16:12:50 IST" name="Default test" finished-at="2023-10-25T16:13:31 IST" duration-ms="41317">
      <class name="com.testcases.InventoryTest">
        <test-method is-config="true" signature="setup()[pri:0, instance:com.testcases.InventoryTest@1d2adfbe]" started-at="2023-10-25T16:12:54 IST" name="setup" finished-at="2023-10-25T16:13:03 IST" duration-ms="8492" status="PASS">
          <reporter-output>
          </reporter-output>
        </test-method> <!-- setup -->
        <test-method signature="addProduct(java.lang.String,java.lang.String,java.lang.String,java.lang.String,java.lang.String,java.lang.String,java.lang.String,java.lang.String,java.lang.String,java.lang.String,java.lang.String,java.lang.String,java.lang.String,java.lang.String,java.lang.String,java.lang.String,java.lang.String,java.lang.String,java.lang.String,java.lang.String)[pri:0, instance:com.testcases.InventoryTest@1d2adfbe]" started-at="2023-10-25T16:13:03 IST" name="addProduct" data-provider="getdata" finished-at="2023-10-25T16:13:31 IST" duration-ms="28085" status="PASS">
          <params>
            <param index="0">
              <value>
                <![CDATA[Bedroom]]>
              </value>
            </param>
            <param index="1">
              <value>
                <![CDATA[MS-01]]>
              </value>
            </param>
            <param index="2">
              <value>
                <![CDATA[SkWoods]]>
              </value>
            </param>
            <param index="3">
              <value>
                <![CDATA[teak-wood]]>
              </value>
            </param>
            <param index="4">
              <value>
                <![CDATA[illfordd]]>
              </value>
            </param>
            <param index="5">
              <value>
                <![CDATA[182.9]]>
              </value>
            </param>
            <param index="6">
              <value>
                <![CDATA[35.6]]>
              </value>
            </param>
            <param index="7">
              <value>
                <![CDATA[61]]>
              </value>
            </param>
            <param index="8">
              <value>
                <![CDATA[brown]]>
              </value>
            </param>
            <param index="9">
              <value>
                <![CDATA[To Be Sold]]>
              </value>
            </param>
            <param index="10">
              <value>
                <![CDATA[Excellent]]>
              </value>
            </param>
            <param index="11">
              <value>
                <![CDATA[Bangalore]]>
              </value>
            </param>
            <param index="12">
              <value>
                <![CDATA[10/20/23]]>
              </value>
            </param>
            <param index="13">
              <value>
                <![CDATA[10000]]>
              </value>
            </param>
            <param index="14">
              <value>
                <![CDATA[1.50]]>
              </value>
            </param>
            <param index="15">
              <value>
                <![CDATA[68132]]>
              </value>
            </param>
            <param index="16">
              <value>
                <![CDATA[SKDT]]>
              </value>
            </param>
            <param index="17">
              <value>
                <![CDATA[illfordd furniture]]>
              </value>
            </param>
            <param index="18">
              <value>
                <![CDATA[11A234GRS2]]>
              </value>
            </param>
            <param index="19">
              <value>
                <![CDATA[20]]>
              </value>
            </param>
          </params>
          <reporter-output>
          </reporter-output>
        </test-method> <!-- addProduct -->
      </class> <!-- com.testcases.InventoryTest -->
    </test> <!-- Default test -->
  </suite> <!-- Default suite -->
</testng-results>
